/*C521*/SET SCHEMA PUBLIC
CONNECT USER SA
/*C522*/SET SCHEMA PUBLIC
CONNECT USER SA
DISCONNECT
/*C523*/SET SCHEMA PUBLIC
CONNECT USER SA
DISCONNECT
/*C524*/SET SCHEMA PUBLIC
CONNECT USER SA
DISCONNECT
/*C525*/SET SCHEMA PUBLIC
CONNECT USER SA
DISCONNECT
/*C526*/SET SCHEMA PUBLIC
CONNECT USER SA
DISCONNECT
/*C527*/SET SCHEMA PUBLIC
CONNECT USER SA
DISCONNECT
/*C528*/SET SCHEMA PUBLIC
CONNECT USER SA
DISCONNECT
/*C529*/SET SCHEMA PUBLIC
CONNECT USER SA
DISCONNECT
/*C530*/SET SCHEMA PUBLIC
CONNECT USER SA
DELETE FROM ACCOUNT WHERE ID=6
DISCONNECT
/*C531*/SET SCHEMA PUBLIC
CONNECT USER SA
DISCONNECT
/*C532*/SET SCHEMA PUBLIC
CONNECT USER SA
DISCONNECT
/*C533*/SET SCHEMA PUBLIC
CONNECT USER SA
DISCONNECT
/*C534*/SET SCHEMA PUBLIC
CONNECT USER SA
DISCONNECT
/*C535*/SET SCHEMA PUBLIC
CONNECT USER SA
DISCONNECT
/*C536*/SET SCHEMA PUBLIC
CONNECT USER SA
DISCONNECT
/*C537*/SET SCHEMA PUBLIC
CONNECT USER SA
DISCONNECT
/*C538*/SET SCHEMA PUBLIC
CONNECT USER SA
DISCONNECT
/*C539*/SET SCHEMA PUBLIC
CONNECT USER SA
DISCONNECT
/*C540*/SET SCHEMA PUBLIC
CONNECT USER SA
DISCONNECT
/*C541*/SET SCHEMA PUBLIC
CONNECT USER SA
DISCONNECT
/*C542*/SET SCHEMA PUBLIC
CONNECT USER SA
DISCONNECT
/*C543*/SET SCHEMA PUBLIC
CONNECT USER SA
DISCONNECT
/*C544*/SET SCHEMA PUBLIC
CONNECT USER SA
DISCONNECT
/*C545*/SET SCHEMA PUBLIC
CONNECT USER SA
DISCONNECT
/*C546*/SET SCHEMA PUBLIC
CONNECT USER SA
DISCONNECT
/*C547*/SET SCHEMA PUBLIC
CONNECT USER SA
DELETE FROM ACCOUNT WHERE ID=8
DISCONNECT
/*C548*/SET SCHEMA PUBLIC
CONNECT USER SA
DISCONNECT
/*C549*/SET SCHEMA PUBLIC
CONNECT USER SA
INSERT INTO ACCOUNT VALUES(0,'dawdaw',0.0E0,0.0E0,'',0,'',0)
DISCONNECT
/*C550*/SET SCHEMA PUBLIC
CONNECT USER SA
DISCONNECT
/*C551*/SET SCHEMA PUBLIC
CONNECT USER SA
INSERT INTO ACCOUNT VALUES(1,'dwdwdw',0.0E0,0.0E0,'',0,'',0)
DISCONNECT
/*C552*/SET SCHEMA PUBLIC
CONNECT USER SA
DISCONNECT
/*C553*/SET SCHEMA PUBLIC
CONNECT USER SA
INSERT INTO ACCOUNT VALUES(2,'wdawd',0.0E0,0.0E0,'',0,'',0)
DISCONNECT
/*C554*/SET SCHEMA PUBLIC
CONNECT USER SA
DISCONNECT
/*C555*/SET SCHEMA PUBLIC
CONNECT USER SA
DISCONNECT
/*C556*/SET SCHEMA PUBLIC
CONNECT USER SA
DISCONNECT
/*C557*/SET SCHEMA PUBLIC
CONNECT USER SA
DISCONNECT
/*C558*/SET SCHEMA PUBLIC
CONNECT USER SA
DISCONNECT
/*C559*/SET SCHEMA PUBLIC
CONNECT USER SA
DISCONNECT
/*C560*/SET SCHEMA PUBLIC
CONNECT USER SA
DISCONNECT
/*C561*/SET SCHEMA PUBLIC
CONNECT USER SA
DISCONNECT
/*C562*/SET SCHEMA PUBLIC
CONNECT USER SA
DISCONNECT
/*C563*/SET SCHEMA PUBLIC
CONNECT USER SA
DELETE FROM ACCOUNT WHERE ID=0
DISCONNECT
/*C564*/SET SCHEMA PUBLIC
CONNECT USER SA
DISCONNECT
/*C565*/SET SCHEMA PUBLIC
CONNECT USER SA
DISCONNECT
/*C566*/SET SCHEMA PUBLIC
CONNECT USER SA
DISCONNECT
/*C567*/SET SCHEMA PUBLIC
CONNECT USER SA
DISCONNECT
/*C568*/SET SCHEMA PUBLIC
CONNECT USER SA
DISCONNECT
/*C569*/SET SCHEMA PUBLIC
CONNECT USER SA
DISCONNECT
/*C570*/SET SCHEMA PUBLIC
CONNECT USER SA
DELETE FROM ACCOUNT WHERE ID=2
DISCONNECT
/*C571*/SET SCHEMA PUBLIC
CONNECT USER SA
DISCONNECT
/*C572*/SET SCHEMA PUBLIC
CONNECT USER SA
DISCONNECT
/*C573*/SET SCHEMA PUBLIC
CONNECT USER SA
DISCONNECT
/*C574*/SET SCHEMA PUBLIC
CONNECT USER SA
DISCONNECT
/*C575*/SET SCHEMA PUBLIC
CONNECT USER SA
DISCONNECT
/*C576*/SET SCHEMA PUBLIC
CONNECT USER SA
DISCONNECT
/*C577*/SET SCHEMA PUBLIC
CONNECT USER SA
INSERT INTO ACCOUNT VALUES(0,'dawdwad',0.0E0,0.0E0,'',0,'',0)
DISCONNECT
/*C578*/SET SCHEMA PUBLIC
CONNECT USER SA
DISCONNECT
/*C579*/SET SCHEMA PUBLIC
CONNECT USER SA
DISCONNECT
/*C580*/SET SCHEMA PUBLIC
CONNECT USER SA
DISCONNECT
/*C581*/SET SCHEMA PUBLIC
CONNECT USER SA
DISCONNECT
/*C582*/SET SCHEMA PUBLIC
CONNECT USER SA
DISCONNECT
/*C583*/SET SCHEMA PUBLIC
CONNECT USER SA
DISCONNECT
/*C584*/SET SCHEMA PUBLIC
CONNECT USER SA
DISCONNECT
/*C585*/SET SCHEMA PUBLIC
CONNECT USER SA
INSERT INTO ACCOUNT VALUES(2,'dwdawd',0.0E0,0.0E0,'',0,'',0)
DISCONNECT
/*C586*/SET SCHEMA PUBLIC
CONNECT USER SA
DISCONNECT
/*C587*/SET SCHEMA PUBLIC
CONNECT USER SA
INSERT INTO ACCOUNT VALUES(3,'dawdad',0.0E0,0.0E0,'',0,'',0)
DISCONNECT
/*C588*/SET SCHEMA PUBLIC
CONNECT USER SA
DISCONNECT
/*C589*/SET SCHEMA PUBLIC
CONNECT USER SA
DISCONNECT
/*C590*/SET SCHEMA PUBLIC
CONNECT USER SA
DISCONNECT
/*C591*/SET SCHEMA PUBLIC
CONNECT USER SA
DISCONNECT
/*C592*/SET SCHEMA PUBLIC
CONNECT USER SA
DISCONNECT
/*C593*/SET SCHEMA PUBLIC
CONNECT USER SA
DISCONNECT
/*C594*/SET SCHEMA PUBLIC
CONNECT USER SA
DISCONNECT
/*C595*/SET SCHEMA PUBLIC
CONNECT USER SA
DISCONNECT
/*C596*/SET SCHEMA PUBLIC
CONNECT USER SA
DISCONNECT
/*C597*/SET SCHEMA PUBLIC
CONNECT USER SA
DISCONNECT
/*C598*/SET SCHEMA PUBLIC
CONNECT USER SA
DISCONNECT
/*C599*/SET SCHEMA PUBLIC
CONNECT USER SA
DISCONNECT
/*C600*/SET SCHEMA PUBLIC
CONNECT USER SA
DELETE FROM ACCOUNT WHERE ID=0
DISCONNECT
/*C601*/SET SCHEMA PUBLIC
CONNECT USER SA
DISCONNECT
/*C602*/SET SCHEMA PUBLIC
CONNECT USER SA
DISCONNECT
/*C603*/SET SCHEMA PUBLIC
CONNECT USER SA
DISCONNECT
/*C604*/SET SCHEMA PUBLIC
CONNECT USER SA
DISCONNECT
/*C605*/SET SCHEMA PUBLIC
CONNECT USER SA
DISCONNECT
/*C606*/SET SCHEMA PUBLIC
CONNECT USER SA
DISCONNECT
/*C607*/SET SCHEMA PUBLIC
CONNECT USER SA
DISCONNECT
/*C608*/SET SCHEMA PUBLIC
CONNECT USER SA
DISCONNECT
/*C609*/SET SCHEMA PUBLIC
CONNECT USER SA
DELETE FROM ACCOUNT WHERE ID=2
DISCONNECT
/*C610*/SET SCHEMA PUBLIC
CONNECT USER SA
DISCONNECT
/*C611*/SET SCHEMA PUBLIC
CONNECT USER SA
DISCONNECT
/*C612*/SET SCHEMA PUBLIC
CONNECT USER SA
DISCONNECT
/*C613*/SET SCHEMA PUBLIC
CONNECT USER SA
DISCONNECT
/*C614*/SET SCHEMA PUBLIC
CONNECT USER SA
DISCONNECT
/*C615*/SET SCHEMA PUBLIC
CONNECT USER SA
DISCONNECT
/*C616*/SET SCHEMA PUBLIC
CONNECT USER SA
DISCONNECT
/*C617*/SET SCHEMA PUBLIC
CONNECT USER SA
DISCONNECT
/*C618*/SET SCHEMA PUBLIC
CONNECT USER SA
DISCONNECT
/*C619*/SET SCHEMA PUBLIC
CONNECT USER SA
DISCONNECT
/*C620*/SET SCHEMA PUBLIC
CONNECT USER SA
DISCONNECT
/*C621*/SET SCHEMA PUBLIC
CONNECT USER SA
DISCONNECT
/*C622*/SET SCHEMA PUBLIC
CONNECT USER SA
INSERT INTO ACCOUNT VALUES(0,'dwdw',0.0E0,0.0E0,'',0,'',0)
DISCONNECT
/*C623*/SET SCHEMA PUBLIC
CONNECT USER SA
DISCONNECT
/*C624*/SET SCHEMA PUBLIC
CONNECT USER SA
INSERT INTO ACCOUNT VALUES(2,'dwdw',0.0E0,0.0E0,'',0,'',0)
DISCONNECT
/*C625*/SET SCHEMA PUBLIC
CONNECT USER SA
DISCONNECT
/*C626*/SET SCHEMA PUBLIC
CONNECT USER SA
DISCONNECT
/*C627*/SET SCHEMA PUBLIC
CONNECT USER SA
DISCONNECT
/*C628*/SET SCHEMA PUBLIC
CONNECT USER SA
DISCONNECT
/*C629*/SET SCHEMA PUBLIC
CONNECT USER SA
DELETE FROM ACCOUNT WHERE ID=2
DISCONNECT
/*C630*/SET SCHEMA PUBLIC
CONNECT USER SA
DISCONNECT
/*C631*/SET SCHEMA PUBLIC
CONNECT USER SA
DISCONNECT
/*C632*/SET SCHEMA PUBLIC
CONNECT USER SA
DISCONNECT
/*C633*/SET SCHEMA PUBLIC
CONNECT USER SA
DISCONNECT
/*C634*/SET SCHEMA PUBLIC
CONNECT USER SA
DISCONNECT
/*C635*/SET SCHEMA PUBLIC
CONNECT USER SA
DISCONNECT
/*C636*/SET SCHEMA PUBLIC
CONNECT USER SA
DISCONNECT
/*C637*/SET SCHEMA PUBLIC
CONNECT USER SA
DISCONNECT
/*C638*/SET SCHEMA PUBLIC
CONNECT USER SA
DISCONNECT
/*C639*/SET SCHEMA PUBLIC
CONNECT USER SA
DISCONNECT
/*C640*/SET SCHEMA PUBLIC
CONNECT USER SA
DISCONNECT
/*C641*/SET SCHEMA PUBLIC
CONNECT USER SA
DISCONNECT
/*C642*/SET SCHEMA PUBLIC
CONNECT USER SA
DISCONNECT
/*C643*/SET SCHEMA PUBLIC
CONNECT USER SA
INSERT INTO ACCOUNT VALUES(2,'dwadawd',0.0E0,0.0E0,'',0,'',0)
DISCONNECT
/*C644*/SET SCHEMA PUBLIC
CONNECT USER SA
DISCONNECT
/*C645*/SET SCHEMA PUBLIC
CONNECT USER SA
DISCONNECT
/*C646*/SET SCHEMA PUBLIC
CONNECT USER SA
DISCONNECT
/*C647*/SET SCHEMA PUBLIC
CONNECT USER SA
DISCONNECT
/*C648*/SET SCHEMA PUBLIC
CONNECT USER SA
DISCONNECT
/*C649*/SET SCHEMA PUBLIC
CONNECT USER SA
DISCONNECT
/*C650*/SET SCHEMA PUBLIC
CONNECT USER SA
DELETE FROM ACCOUNT WHERE ID=2
DISCONNECT
/*C651*/SET SCHEMA PUBLIC
CONNECT USER SA
DISCONNECT
/*C652*/SET SCHEMA PUBLIC
CONNECT USER SA
DISCONNECT
/*C653*/SET SCHEMA PUBLIC
CONNECT USER SA
DISCONNECT
/*C654*/SET SCHEMA PUBLIC
CONNECT USER SA
DISCONNECT
/*C655*/SET SCHEMA PUBLIC
CONNECT USER SA
DISCONNECT
/*C656*/SET SCHEMA PUBLIC
CONNECT USER SA
DISCONNECT
/*C657*/SET SCHEMA PUBLIC
CONNECT USER SA
DISCONNECT
/*C658*/SET SCHEMA PUBLIC
CONNECT USER SA
DISCONNECT
/*C659*/SET SCHEMA PUBLIC
CONNECT USER SA
DISCONNECT
/*C660*/SET SCHEMA PUBLIC
CONNECT USER SA
DISCONNECT
/*C661*/SET SCHEMA PUBLIC
CONNECT USER SA
DISCONNECT
/*C662*/SET SCHEMA PUBLIC
CONNECT USER SA
INSERT INTO ACCOUNT VALUES(2,'dadw',0.0E0,0.0E0,'',0,'',0)
DISCONNECT
/*C663*/SET SCHEMA PUBLIC
CONNECT USER SA
DISCONNECT
/*C664*/SET SCHEMA PUBLIC
CONNECT USER SA
DISCONNECT
/*C665*/SET SCHEMA PUBLIC
CONNECT USER SA
DISCONNECT
/*C666*/SET SCHEMA PUBLIC
CONNECT USER SA
DISCONNECT
/*C667*/SET SCHEMA PUBLIC
CONNECT USER SA
DISCONNECT
/*C668*/SET SCHEMA PUBLIC
CONNECT USER SA
DISCONNECT
/*C669*/SET SCHEMA PUBLIC
CONNECT USER SA
DISCONNECT
/*C670*/SET SCHEMA PUBLIC
CONNECT USER SA
DISCONNECT
/*C671*/SET SCHEMA PUBLIC
CONNECT USER SA
DISCONNECT
/*C672*/SET SCHEMA PUBLIC
CONNECT USER SA
DISCONNECT
/*C673*/SET SCHEMA PUBLIC
CONNECT USER SA
DELETE FROM ACCOUNT WHERE ID=2
DISCONNECT
/*C674*/SET SCHEMA PUBLIC
CONNECT USER SA
DISCONNECT
/*C675*/SET SCHEMA PUBLIC
CONNECT USER SA
DISCONNECT
/*C676*/SET SCHEMA PUBLIC
CONNECT USER SA
DISCONNECT
/*C677*/SET SCHEMA PUBLIC
CONNECT USER SA
DISCONNECT
/*C678*/SET SCHEMA PUBLIC
CONNECT USER SA
DISCONNECT
/*C679*/SET SCHEMA PUBLIC
CONNECT USER SA
DISCONNECT
/*C680*/SET SCHEMA PUBLIC
CONNECT USER SA
DISCONNECT
/*C681*/SET SCHEMA PUBLIC
CONNECT USER SA
DISCONNECT
/*C682*/SET SCHEMA PUBLIC
CONNECT USER SA
DISCONNECT
/*C683*/SET SCHEMA PUBLIC
CONNECT USER SA
DISCONNECT
/*C684*/SET SCHEMA PUBLIC
CONNECT USER SA
DISCONNECT
/*C685*/SET SCHEMA PUBLIC
CONNECT USER SA
INSERT INTO ACCOUNT VALUES(2,'dawd',0.0E0,0.0E0,'',0,'',0)
DISCONNECT
/*C686*/SET SCHEMA PUBLIC
CONNECT USER SA
DISCONNECT
/*C687*/SET SCHEMA PUBLIC
CONNECT USER SA
DISCONNECT
/*C688*/SET SCHEMA PUBLIC
CONNECT USER SA
DELETE FROM ACCOUNT WHERE ID=1
DISCONNECT
/*C689*/SET SCHEMA PUBLIC
CONNECT USER SA
DISCONNECT
/*C690*/SET SCHEMA PUBLIC
CONNECT USER SA
DISCONNECT
/*C691*/SET SCHEMA PUBLIC
CONNECT USER SA
DISCONNECT
/*C692*/SET SCHEMA PUBLIC
CONNECT USER SA
DISCONNECT
/*C693*/SET SCHEMA PUBLIC
CONNECT USER SA
DISCONNECT
/*C694*/SET SCHEMA PUBLIC
CONNECT USER SA
DISCONNECT
/*C695*/SET SCHEMA PUBLIC
CONNECT USER SA
DISCONNECT
/*C696*/SET SCHEMA PUBLIC
CONNECT USER SA
DISCONNECT
/*C697*/SET SCHEMA PUBLIC
CONNECT USER SA
DISCONNECT
/*C698*/SET SCHEMA PUBLIC
CONNECT USER SA
INSERT INTO ACCOUNT VALUES(1,'dawdaw',0.0E0,0.0E0,'',0,'',0)
DISCONNECT
/*C699*/SET SCHEMA PUBLIC
CONNECT USER SA
DISCONNECT
/*C700*/SET SCHEMA PUBLIC
CONNECT USER SA
DISCONNECT
/*C701*/SET SCHEMA PUBLIC
CONNECT USER SA
DISCONNECT
/*C702*/SET SCHEMA PUBLIC
CONNECT USER SA
DISCONNECT
/*C703*/SET SCHEMA PUBLIC
CONNECT USER SA
DISCONNECT
/*C704*/SET SCHEMA PUBLIC
CONNECT USER SA
DISCONNECT
/*C705*/SET SCHEMA PUBLIC
CONNECT USER SA
DISCONNECT
/*C706*/SET SCHEMA PUBLIC
CONNECT USER SA
DISCONNECT
/*C707*/SET SCHEMA PUBLIC
CONNECT USER SA
DISCONNECT
/*C708*/SET SCHEMA PUBLIC
CONNECT USER SA
DISCONNECT
/*C709*/SET SCHEMA PUBLIC
CONNECT USER SA
DISCONNECT
/*C710*/SET SCHEMA PUBLIC
CONNECT USER SA
DISCONNECT
/*C711*/SET SCHEMA PUBLIC
CONNECT USER SA
DISCONNECT
/*C712*/SET SCHEMA PUBLIC
CONNECT USER SA
DISCONNECT
/*C713*/SET SCHEMA PUBLIC
CONNECT USER SA
DELETE FROM ACCOUNT WHERE ID=1
DISCONNECT
/*C714*/SET SCHEMA PUBLIC
CONNECT USER SA
DISCONNECT
/*C715*/SET SCHEMA PUBLIC
CONNECT USER SA
DISCONNECT
/*C716*/SET SCHEMA PUBLIC
CONNECT USER SA
DISCONNECT
/*C717*/SET SCHEMA PUBLIC
CONNECT USER SA
DISCONNECT
/*C718*/SET SCHEMA PUBLIC
CONNECT USER SA
DISCONNECT
/*C719*/SET SCHEMA PUBLIC
CONNECT USER SA
DISCONNECT
/*C720*/SET SCHEMA PUBLIC
CONNECT USER SA
INSERT INTO ACCOUNT VALUES(1,'dawda',0.0E0,0.0E0,'',0,'',0)
DISCONNECT
/*C721*/SET SCHEMA PUBLIC
CONNECT USER SA
DISCONNECT
/*C722*/SET SCHEMA PUBLIC
CONNECT USER SA
DISCONNECT
/*C723*/SET SCHEMA PUBLIC
CONNECT USER SA
DISCONNECT
/*C724*/SET SCHEMA PUBLIC
CONNECT USER SA
DISCONNECT
/*C725*/SET SCHEMA PUBLIC
CONNECT USER SA
DISCONNECT
/*C726*/SET SCHEMA PUBLIC
CONNECT USER SA
DISCONNECT
/*C727*/SET SCHEMA PUBLIC
CONNECT USER SA
DISCONNECT
/*C728*/SET SCHEMA PUBLIC
CONNECT USER SA
DISCONNECT
/*C729*/SET SCHEMA PUBLIC
CONNECT USER SA
DISCONNECT
/*C730*/SET SCHEMA PUBLIC
CONNECT USER SA
DISCONNECT
/*C731*/SET SCHEMA PUBLIC
CONNECT USER SA
DISCONNECT
/*C732*/SET SCHEMA PUBLIC
CONNECT USER SA
DISCONNECT
/*C733*/SET SCHEMA PUBLIC
CONNECT USER SA
DISCONNECT
/*C734*/SET SCHEMA PUBLIC
CONNECT USER SA
DISCONNECT
/*C735*/SET SCHEMA PUBLIC
CONNECT USER SA
DISCONNECT
/*C736*/SET SCHEMA PUBLIC
CONNECT USER SA
DISCONNECT
/*C737*/SET SCHEMA PUBLIC
CONNECT USER SA
DISCONNECT
/*C738*/SET SCHEMA PUBLIC
CONNECT USER SA
DELETE FROM ACCOUNT WHERE ID=1
DISCONNECT
/*C739*/SET SCHEMA PUBLIC
CONNECT USER SA
DISCONNECT
/*C740*/SET SCHEMA PUBLIC
CONNECT USER SA
DISCONNECT
/*C741*/SET SCHEMA PUBLIC
CONNECT USER SA
DISCONNECT
/*C742*/SET SCHEMA PUBLIC
CONNECT USER SA
DISCONNECT
/*C743*/SET SCHEMA PUBLIC
CONNECT USER SA
DISCONNECT
/*C744*/SET SCHEMA PUBLIC
CONNECT USER SA
DISCONNECT
/*C745*/SET SCHEMA PUBLIC
CONNECT USER SA
DISCONNECT
/*C746*/SET SCHEMA PUBLIC
CONNECT USER SA
DISCONNECT
/*C747*/SET SCHEMA PUBLIC
CONNECT USER SA
DISCONNECT
/*C748*/SET SCHEMA PUBLIC
CONNECT USER SA
DISCONNECT
/*C749*/SET SCHEMA PUBLIC
CONNECT USER SA
DISCONNECT
/*C750*/SET SCHEMA PUBLIC
CONNECT USER SA
DISCONNECT
/*C751*/SET SCHEMA PUBLIC
CONNECT USER SA
DISCONNECT
/*C752*/SET SCHEMA PUBLIC
CONNECT USER SA
DISCONNECT
/*C753*/SET SCHEMA PUBLIC
CONNECT USER SA
DISCONNECT
/*C754*/SET SCHEMA PUBLIC
CONNECT USER SA
DISCONNECT
/*C755*/SET SCHEMA PUBLIC
CONNECT USER SA
DISCONNECT
/*C756*/SET SCHEMA PUBLIC
CONNECT USER SA
DISCONNECT
/*C757*/SET SCHEMA PUBLIC
CONNECT USER SA
DISCONNECT
/*C758*/SET SCHEMA PUBLIC
CONNECT USER SA
DISCONNECT
/*C759*/SET SCHEMA PUBLIC
CONNECT USER SA
DISCONNECT
/*C760*/SET SCHEMA PUBLIC
CONNECT USER SA
DISCONNECT
/*C761*/SET SCHEMA PUBLIC
CONNECT USER SA
DISCONNECT
/*C762*/SET SCHEMA PUBLIC
CONNECT USER SA
DISCONNECT
/*C763*/SET SCHEMA PUBLIC
CONNECT USER SA
DISCONNECT
/*C764*/SET SCHEMA PUBLIC
CONNECT USER SA
DISCONNECT
/*C765*/SET SCHEMA PUBLIC
CONNECT USER SA
DISCONNECT
/*C766*/SET SCHEMA PUBLIC
CONNECT USER SA
DISCONNECT
/*C767*/SET SCHEMA PUBLIC
CONNECT USER SA
DISCONNECT
/*C768*/SET SCHEMA PUBLIC
CONNECT USER SA
DISCONNECT
/*C769*/SET SCHEMA PUBLIC
CONNECT USER SA
DISCONNECT
/*C770*/SET SCHEMA PUBLIC
CONNECT USER SA
DISCONNECT
/*C771*/SET SCHEMA PUBLIC
CONNECT USER SA
DISCONNECT
/*C772*/SET SCHEMA PUBLIC
CONNECT USER SA
DISCONNECT
/*C773*/SET SCHEMA PUBLIC
CONNECT USER SA
DISCONNECT
/*C774*/SET SCHEMA PUBLIC
CONNECT USER SA
DISCONNECT
/*C775*/SET SCHEMA PUBLIC
CONNECT USER SA
DISCONNECT
/*C776*/SET SCHEMA PUBLIC
CONNECT USER SA
DISCONNECT
/*C777*/SET SCHEMA PUBLIC
CONNECT USER SA
DISCONNECT
/*C778*/SET SCHEMA PUBLIC
CONNECT USER SA
DELETE FROM ACCOUNT WHERE ID=3
DISCONNECT
/*C779*/SET SCHEMA PUBLIC
CONNECT USER SA
DISCONNECT
/*C780*/SET SCHEMA PUBLIC
CONNECT USER SA
DISCONNECT
/*C781*/SET SCHEMA PUBLIC
CONNECT USER SA
DISCONNECT
/*C782*/SET SCHEMA PUBLIC
CONNECT USER SA
DISCONNECT
/*C783*/SET SCHEMA PUBLIC
CONNECT USER SA
DELETE FROM ACCOUNT WHERE ID=0
DISCONNECT
/*C784*/SET SCHEMA PUBLIC
CONNECT USER SA
DISCONNECT
/*C785*/SET SCHEMA PUBLIC
CONNECT USER SA
DELETE FROM ACCOUNT WHERE ID=2
DISCONNECT
/*C786*/SET SCHEMA PUBLIC
CONNECT USER SA
DISCONNECT
/*C787*/SET SCHEMA PUBLIC
CONNECT USER SA
DISCONNECT
/*C788*/SET SCHEMA PUBLIC
CONNECT USER SA
DISCONNECT
/*C521*/DISCONNECT
/*C789*/SET SCHEMA PUBLIC
CONNECT USER SA
DISCONNECT
/*C790*/SET SCHEMA PUBLIC
CONNECT USER SA
DISCONNECT
/*C791*/SET SCHEMA PUBLIC
CONNECT USER SA
DISCONNECT
/*C792*/SET SCHEMA PUBLIC
CONNECT USER SA
DISCONNECT
/*C793*/SET SCHEMA PUBLIC
CONNECT USER SA
DISCONNECT
/*C794*/SET SCHEMA PUBLIC
CONNECT USER SA
DISCONNECT
/*C795*/SET SCHEMA PUBLIC
CONNECT USER SA
DISCONNECT
/*C796*/SET SCHEMA PUBLIC
CONNECT USER SA
DISCONNECT
/*C797*/SET SCHEMA PUBLIC
CONNECT USER SA
DISCONNECT
/*C798*/SET SCHEMA PUBLIC
CONNECT USER SA
DISCONNECT
/*C799*/SET SCHEMA PUBLIC
CONNECT USER SA
DISCONNECT
/*C800*/SET SCHEMA PUBLIC
CONNECT USER SA
DISCONNECT
/*C801*/SET SCHEMA PUBLIC
CONNECT USER SA
DISCONNECT
/*C802*/SET SCHEMA PUBLIC
CONNECT USER SA
DISCONNECT
/*C803*/SET SCHEMA PUBLIC
CONNECT USER SA
DISCONNECT
/*C804*/SET SCHEMA PUBLIC
CONNECT USER SA
DISCONNECT
/*C805*/SET SCHEMA PUBLIC
CONNECT USER SA
DISCONNECT
/*C806*/SET SCHEMA PUBLIC
CONNECT USER SA
DISCONNECT
/*C807*/SET SCHEMA PUBLIC
CONNECT USER SA
DISCONNECT
/*C808*/SET SCHEMA PUBLIC
CONNECT USER SA
DISCONNECT
/*C809*/SET SCHEMA PUBLIC
CONNECT USER SA
DISCONNECT
/*C810*/SET SCHEMA PUBLIC
CONNECT USER SA
DISCONNECT
/*C811*/SET SCHEMA PUBLIC
CONNECT USER SA
DISCONNECT
/*C812*/SET SCHEMA PUBLIC
CONNECT USER SA
SET AUTOCOMMIT FALSE
DELETE FROM PROVIDER WHERE ID=0
INSERT INTO PROVIDER VALUES(0,'David',0,'3123','312','3s','32','',3,0,FALSE,NULL)
SET AUTOCOMMIT TRUE
DISCONNECT
/*C813*/SET SCHEMA PUBLIC
CONNECT USER SA
DISCONNECT
/*C814*/SET SCHEMA PUBLIC
CONNECT USER SA
DISCONNECT
/*C815*/SET SCHEMA PUBLIC
CONNECT USER SA
DISCONNECT
/*C816*/SET SCHEMA PUBLIC
CONNECT USER SA
DISCONNECT
/*C817*/SET SCHEMA PUBLIC
CONNECT USER SA
DISCONNECT
/*C818*/SET SCHEMA PUBLIC
CONNECT USER SA
DISCONNECT
/*C819*/SET SCHEMA PUBLIC
CONNECT USER SA
DISCONNECT
/*C820*/SET SCHEMA PUBLIC
CONNECT USER SA
SET AUTOCOMMIT FALSE
DELETE FROM PROVIDER WHERE ID=1
INSERT INTO PROVIDER VALUES(1,'dw',0,'3','','ddwdad','','',2,0,FALSE,NULL)
SET AUTOCOMMIT TRUE
DISCONNECT
/*C821*/SET SCHEMA PUBLIC
CONNECT USER SA
DISCONNECT
/*C822*/SET SCHEMA PUBLIC
CONNECT USER SA
DISCONNECT
/*C823*/SET SCHEMA PUBLIC
CONNECT USER SA
DISCONNECT
/*C824*/SET SCHEMA PUBLIC
CONNECT USER SA
DISCONNECT
/*C825*/SET SCHEMA PUBLIC
CONNECT USER SA
DISCONNECT
/*C826*/SET SCHEMA PUBLIC
CONNECT USER SA
DISCONNECT
/*C827*/SET SCHEMA PUBLIC
CONNECT USER SA
DISCONNECT
/*C828*/SET SCHEMA PUBLIC
CONNECT USER SA
DISCONNECT
/*C829*/SET SCHEMA PUBLIC
CONNECT USER SA
DISCONNECT
/*C830*/SET SCHEMA PUBLIC
CONNECT USER SA
DISCONNECT
/*C831*/SET SCHEMA PUBLIC
CONNECT USER SA
DISCONNECT
/*C832*/SET SCHEMA PUBLIC
CONNECT USER SA
SET AUTOCOMMIT FALSE
DELETE FROM PROVIDER WHERE ID=1
INSERT INTO PROVIDER VALUES(1,'dw',0,'3','','ddwdad','','',2,0,FALSE,NULL)
SET AUTOCOMMIT TRUE
DISCONNECT
/*C833*/SET SCHEMA PUBLIC
CONNECT USER SA
DISCONNECT
/*C834*/SET SCHEMA PUBLIC
CONNECT USER SA
DISCONNECT
/*C835*/SET SCHEMA PUBLIC
CONNECT USER SA
DISCONNECT
/*C836*/SET SCHEMA PUBLIC
CONNECT USER SA
DISCONNECT
/*C837*/SET SCHEMA PUBLIC
CONNECT USER SA
SET AUTOCOMMIT FALSE
DELETE FROM PROVIDER WHERE ID=1
INSERT INTO PROVIDER VALUES(1,'dw',0,'3','','ddwdad','','',2,0,FALSE,NULL)
SET AUTOCOMMIT TRUE
DISCONNECT
/*C838*/SET SCHEMA PUBLIC
CONNECT USER SA
DISCONNECT
/*C839*/SET SCHEMA PUBLIC
CONNECT USER SA
SET AUTOCOMMIT FALSE
DELETE FROM PROVIDER WHERE ID=1
INSERT INTO PROVIDER VALUES(1,'dw',0,'3','','ddwdad','','',2,0,FALSE,NULL)
SET AUTOCOMMIT TRUE
DISCONNECT
/*C840*/SET SCHEMA PUBLIC
CONNECT USER SA
DISCONNECT
/*C841*/SET SCHEMA PUBLIC
CONNECT USER SA
SET AUTOCOMMIT FALSE
DELETE FROM PROVIDER WHERE ID=1
INSERT INTO PROVIDER VALUES(1,'dw',0,'3','','ddwdad','','',2,0,FALSE,NULL)
SET AUTOCOMMIT TRUE
DISCONNECT
/*C842*/SET SCHEMA PUBLIC
CONNECT USER SA
DISCONNECT
/*C843*/SET SCHEMA PUBLIC
CONNECT USER SA
SET AUTOCOMMIT FALSE
DELETE FROM PROVIDER WHERE ID=1
INSERT INTO PROVIDER VALUES(1,'dw',0,'3','','ddwdad','','',2,0,FALSE,NULL)
SET AUTOCOMMIT TRUE
DISCONNECT
/*C844*/SET SCHEMA PUBLIC
CONNECT USER SA
DISCONNECT
/*C845*/SET SCHEMA PUBLIC
CONNECT USER SA
SET AUTOCOMMIT FALSE
DELETE FROM PROVIDER WHERE ID=1
INSERT INTO PROVIDER VALUES(1,'dw',0,'3','','ddwdad','','',2,0,FALSE,NULL)
SET AUTOCOMMIT TRUE
DISCONNECT
/*C846*/SET SCHEMA PUBLIC
CONNECT USER SA
DISCONNECT
/*C847*/SET SCHEMA PUBLIC
CONNECT USER SA
SET AUTOCOMMIT FALSE
DELETE FROM PROVIDER WHERE ID=1
INSERT INTO PROVIDER VALUES(1,'dw',0,'3','','ddwdad','','',2,0,FALSE,NULL)
SET AUTOCOMMIT TRUE
DISCONNECT
/*C848*/SET SCHEMA PUBLIC
CONNECT USER SA
DISCONNECT
/*C849*/SET SCHEMA PUBLIC
CONNECT USER SA
SET AUTOCOMMIT FALSE
DELETE FROM PROVIDER WHERE ID=1
INSERT INTO PROVIDER VALUES(1,'dw',0,'3','','ddwdad','','',2,0,FALSE,NULL)
SET AUTOCOMMIT TRUE
DISCONNECT
/*C850*/SET SCHEMA PUBLIC
CONNECT USER SA
DISCONNECT
/*C851*/SET SCHEMA PUBLIC
CONNECT USER SA
SET AUTOCOMMIT FALSE
DELETE FROM PROVIDER WHERE ID=1
INSERT INTO PROVIDER VALUES(1,'dw',0,'3','','ddwdad','','',2,0,FALSE,NULL)
SET AUTOCOMMIT TRUE
DISCONNECT
/*C852*/SET SCHEMA PUBLIC
CONNECT USER SA
DISCONNECT
/*C853*/SET SCHEMA PUBLIC
CONNECT USER SA
SET AUTOCOMMIT FALSE
DELETE FROM PROVIDER WHERE ID=1
INSERT INTO PROVIDER VALUES(1,'dw',0,'3','','ddwdad','','',2,0,FALSE,NULL)
SET AUTOCOMMIT TRUE
DISCONNECT
/*C854*/SET SCHEMA PUBLIC
CONNECT USER SA
DISCONNECT
/*C855*/SET SCHEMA PUBLIC
CONNECT USER SA
SET AUTOCOMMIT FALSE
DELETE FROM PROVIDER WHERE ID=1
INSERT INTO PROVIDER VALUES(1,'dw',0,'3','','ddwdad','','',2,0,FALSE,NULL)
SET AUTOCOMMIT TRUE
DISCONNECT
/*C856*/SET SCHEMA PUBLIC
CONNECT USER SA
DISCONNECT
/*C857*/SET SCHEMA PUBLIC
CONNECT USER SA
SET AUTOCOMMIT FALSE
DELETE FROM PROVIDER WHERE ID=1
INSERT INTO PROVIDER VALUES(1,'dw',0,'3','','ddwdad','','',2,0,FALSE,NULL)
SET AUTOCOMMIT TRUE
DISCONNECT
/*C858*/SET SCHEMA PUBLIC
CONNECT USER SA
DISCONNECT
/*C859*/SET SCHEMA PUBLIC
CONNECT USER SA
DISCONNECT
/*C860*/SET SCHEMA PUBLIC
CONNECT USER SA
DISCONNECT
/*C861*/SET SCHEMA PUBLIC
CONNECT USER SA
DISCONNECT
/*C862*/SET SCHEMA PUBLIC
CONNECT USER SA
DISCONNECT
/*C863*/SET SCHEMA PUBLIC
CONNECT USER SA
DISCONNECT
/*C864*/SET SCHEMA PUBLIC
CONNECT USER SA
DELETE FROM PROVIDER WHERE ID=1
DISCONNECT
/*C865*/SET SCHEMA PUBLIC
CONNECT USER SA
DISCONNECT
/*C866*/SET SCHEMA PUBLIC
CONNECT USER SA
DELETE FROM PROVIDER WHERE ID=0
DISCONNECT
/*C867*/SET SCHEMA PUBLIC
CONNECT USER SA
DISCONNECT
/*C868*/SET SCHEMA PUBLIC
CONNECT USER SA
INSERT INTO PROVIDER VALUES(0,'dawdwdaw',0,'21323','','','','',22,0,FALSE,NULL)
DISCONNECT
/*C869*/SET SCHEMA PUBLIC
CONNECT USER SA
DISCONNECT
/*C870*/SET SCHEMA PUBLIC
CONNECT USER SA
INSERT INTO PROVIDER VALUES(1,'dawda',0,'3213123','','','','',22,0,FALSE,NULL)
DISCONNECT
/*C871*/SET SCHEMA PUBLIC
CONNECT USER SA
DISCONNECT
/*C872*/SET SCHEMA PUBLIC
CONNECT USER SA
INSERT INTO PROVIDER VALUES(2,'dddd',0,'3232323','dawdawd','dawd','dawd','daw',33,0,FALSE,NULL)
DISCONNECT
/*C873*/SET SCHEMA PUBLIC
CONNECT USER SA
DISCONNECT
/*C874*/SET SCHEMA PUBLIC
CONNECT USER SA
DISCONNECT
/*C875*/SET SCHEMA PUBLIC
CONNECT USER SA
DISCONNECT
/*C876*/SET SCHEMA PUBLIC
CONNECT USER SA
DISCONNECT
/*C877*/SET SCHEMA PUBLIC
CONNECT USER SA
DISCONNECT
/*C878*/SET SCHEMA PUBLIC
CONNECT USER SA
DISCONNECT
/*C879*/SET SCHEMA PUBLIC
CONNECT USER SA
DISCONNECT
/*C880*/SET SCHEMA PUBLIC
CONNECT USER SA
DELETE FROM PROVIDER WHERE ID=2
DISCONNECT
/*C881*/SET SCHEMA PUBLIC
CONNECT USER SA
DISCONNECT
/*C882*/SET SCHEMA PUBLIC
CONNECT USER SA
DISCONNECT
/*C883*/SET SCHEMA PUBLIC
CONNECT USER SA
DISCONNECT
/*C884*/SET SCHEMA PUBLIC
CONNECT USER SA
DELETE FROM PROVIDER WHERE ID=0
DISCONNECT
/*C885*/SET SCHEMA PUBLIC
CONNECT USER SA
DISCONNECT
/*C886*/SET SCHEMA PUBLIC
CONNECT USER SA
DISCONNECT
/*C887*/SET SCHEMA PUBLIC
CONNECT USER SA
DISCONNECT
/*C888*/SET SCHEMA PUBLIC
CONNECT USER SA
DISCONNECT
/*C889*/SET SCHEMA PUBLIC
CONNECT USER SA
DISCONNECT
/*C890*/SET SCHEMA PUBLIC
CONNECT USER SA
DISCONNECT
/*C891*/SET SCHEMA PUBLIC
CONNECT USER SA
DISCONNECT
/*C892*/SET SCHEMA PUBLIC
CONNECT USER SA
DISCONNECT
/*C893*/SET SCHEMA PUBLIC
CONNECT USER SA
DISCONNECT
/*C894*/SET SCHEMA PUBLIC
CONNECT USER SA
DISCONNECT
/*C895*/SET SCHEMA PUBLIC
CONNECT USER SA
DISCONNECT
/*C896*/SET SCHEMA PUBLIC
CONNECT USER SA
DISCONNECT
/*C897*/SET SCHEMA PUBLIC
CONNECT USER SA
DISCONNECT
/*C898*/SET SCHEMA PUBLIC
CONNECT USER SA
DISCONNECT
/*C899*/SET SCHEMA PUBLIC
CONNECT USER SA
DISCONNECT
/*C900*/SET SCHEMA PUBLIC
CONNECT USER SA
DISCONNECT
/*C901*/SET SCHEMA PUBLIC
CONNECT USER SA
INSERT INTO ACCOUNT VALUES(0,'dwdawd',0.0E0,0.0E0,'',0,'',0)
DISCONNECT
/*C902*/SET SCHEMA PUBLIC
CONNECT USER SA
DISCONNECT
/*C903*/SET SCHEMA PUBLIC
CONNECT USER SA
DISCONNECT
/*C904*/SET SCHEMA PUBLIC
CONNECT USER SA
DISCONNECT
/*C905*/SET SCHEMA PUBLIC
CONNECT USER SA
DISCONNECT
/*C906*/SET SCHEMA PUBLIC
CONNECT USER SA
DISCONNECT
/*C907*/SET SCHEMA PUBLIC
CONNECT USER SA
DISCONNECT
/*C908*/SET SCHEMA PUBLIC
CONNECT USER SA
DISCONNECT
/*C909*/SET SCHEMA PUBLIC
CONNECT USER SA
DISCONNECT
/*C910*/SET SCHEMA PUBLIC
CONNECT USER SA
DISCONNECT
/*C911*/SET SCHEMA PUBLIC
CONNECT USER SA
DISCONNECT
/*C912*/SET SCHEMA PUBLIC
CONNECT USER SA
DISCONNECT
/*C913*/SET SCHEMA PUBLIC
CONNECT USER SA
DISCONNECT
/*C914*/SET SCHEMA PUBLIC
CONNECT USER SA
DISCONNECT
/*C915*/SET SCHEMA PUBLIC
CONNECT USER SA
DISCONNECT
/*C916*/SET SCHEMA PUBLIC
CONNECT USER SA
SET AUTOCOMMIT FALSE
DELETE FROM CATEGORY WHERE ID=1
INSERT INTO CATEGORY VALUES(1,'dadw','Despesa')
SET AUTOCOMMIT TRUE
DISCONNECT
/*C917*/SET SCHEMA PUBLIC
CONNECT USER SA
DISCONNECT
/*C918*/SET SCHEMA PUBLIC
CONNECT USER SA
SET AUTOCOMMIT FALSE
DELETE FROM CATEGORY WHERE ID=1
INSERT INTO CATEGORY VALUES(1,'dadws','Despesa')
SET AUTOCOMMIT TRUE
DISCONNECT
/*C919*/SET SCHEMA PUBLIC
CONNECT USER SA
DISCONNECT
/*C920*/SET SCHEMA PUBLIC
CONNECT USER SA
DISCONNECT
/*C921*/SET SCHEMA PUBLIC
CONNECT USER SA
DISCONNECT
/*C922*/SET SCHEMA PUBLIC
CONNECT USER SA
DISCONNECT
/*C923*/SET SCHEMA PUBLIC
CONNECT USER SA
DISCONNECT
/*C924*/SET SCHEMA PUBLIC
CONNECT USER SA
DISCONNECT
/*C925*/SET SCHEMA PUBLIC
CONNECT USER SA
DISCONNECT
/*C926*/SET SCHEMA PUBLIC
CONNECT USER SA
DISCONNECT
/*C927*/SET SCHEMA PUBLIC
CONNECT USER SA
DISCONNECT
/*C928*/SET SCHEMA PUBLIC
CONNECT USER SA
DISCONNECT
/*C929*/SET SCHEMA PUBLIC
CONNECT USER SA
DISCONNECT
/*C930*/SET SCHEMA PUBLIC
CONNECT USER SA
DISCONNECT
/*C931*/SET SCHEMA PUBLIC
CONNECT USER SA
DISCONNECT
/*C932*/SET SCHEMA PUBLIC
CONNECT USER SA
DELETE FROM CATEGORY WHERE ID=1
DISCONNECT
/*C933*/SET SCHEMA PUBLIC
CONNECT USER SA
DISCONNECT
/*C934*/SET SCHEMA PUBLIC
CONNECT USER SA
DISCONNECT
/*C935*/SET SCHEMA PUBLIC
CONNECT USER SA
DELETE FROM CATEGORY WHERE ID=0
DISCONNECT
/*C936*/SET SCHEMA PUBLIC
CONNECT USER SA
DISCONNECT
/*C937*/SET SCHEMA PUBLIC
CONNECT USER SA
INSERT INTO CATEGORY VALUES(0,'dawdawd','Despesa')
DISCONNECT
/*C938*/SET SCHEMA PUBLIC
CONNECT USER SA
DISCONNECT
/*C939*/SET SCHEMA PUBLIC
CONNECT USER SA
DISCONNECT
/*C940*/SET SCHEMA PUBLIC
CONNECT USER SA
DISCONNECT
/*C941*/SET SCHEMA PUBLIC
CONNECT USER SA
DISCONNECT
/*C942*/SET SCHEMA PUBLIC
CONNECT USER SA
DISCONNECT
/*C943*/SET SCHEMA PUBLIC
CONNECT USER SA
DISCONNECT
/*C944*/SET SCHEMA PUBLIC
CONNECT USER SA
DISCONNECT
/*C945*/SET SCHEMA PUBLIC
CONNECT USER SA
DISCONNECT
/*C946*/SET SCHEMA PUBLIC
CONNECT USER SA
DISCONNECT
/*C947*/SET SCHEMA PUBLIC
CONNECT USER SA
DELETE FROM CATEGORY WHERE ID=0
DISCONNECT
/*C948*/SET SCHEMA PUBLIC
CONNECT USER SA
DISCONNECT
/*C949*/SET SCHEMA PUBLIC
CONNECT USER SA
DISCONNECT
/*C950*/SET SCHEMA PUBLIC
CONNECT USER SA
DISCONNECT
/*C951*/SET SCHEMA PUBLIC
CONNECT USER SA
DISCONNECT
/*C952*/SET SCHEMA PUBLIC
CONNECT USER SA
DISCONNECT
/*C953*/SET SCHEMA PUBLIC
CONNECT USER SA
DISCONNECT
/*C954*/SET SCHEMA PUBLIC
CONNECT USER SA
DISCONNECT
/*C955*/SET SCHEMA PUBLIC
CONNECT USER SA
DISCONNECT
/*C956*/SET SCHEMA PUBLIC
CONNECT USER SA
DISCONNECT
/*C957*/SET SCHEMA PUBLIC
CONNECT USER SA
DISCONNECT
/*C958*/SET SCHEMA PUBLIC
CONNECT USER SA
INSERT INTO CATEGORY VALUES(0,'dawdw','Despesa')
DISCONNECT
/*C959*/SET SCHEMA PUBLIC
CONNECT USER SA
DISCONNECT
/*C960*/SET SCHEMA PUBLIC
CONNECT USER SA
DISCONNECT
/*C961*/SET SCHEMA PUBLIC
CONNECT USER SA
DISCONNECT
/*C962*/SET SCHEMA PUBLIC
CONNECT USER SA
DISCONNECT
/*C963*/SET SCHEMA PUBLIC
CONNECT USER SA
DISCONNECT
/*C964*/SET SCHEMA PUBLIC
CONNECT USER SA
DISCONNECT
/*C965*/SET SCHEMA PUBLIC
CONNECT USER SA
DISCONNECT
/*C966*/SET SCHEMA PUBLIC
CONNECT USER SA
DISCONNECT
/*C967*/SET SCHEMA PUBLIC
CONNECT USER SA
DISCONNECT
/*C968*/SET SCHEMA PUBLIC
CONNECT USER SA
DISCONNECT
/*C969*/SET SCHEMA PUBLIC
CONNECT USER SA
DISCONNECT
/*C970*/SET SCHEMA PUBLIC
CONNECT USER SA
DISCONNECT
/*C971*/SET SCHEMA PUBLIC
CONNECT USER SA
DISCONNECT
/*C972*/SET SCHEMA PUBLIC
CONNECT USER SA
DISCONNECT
/*C973*/SET SCHEMA PUBLIC
CONNECT USER SA
DISCONNECT
/*C974*/SET SCHEMA PUBLIC
CONNECT USER SA
DISCONNECT
/*C975*/SET SCHEMA PUBLIC
CONNECT USER SA
INSERT INTO CATEGORY VALUES(1,'dawdaw','Receita')
DISCONNECT
/*C976*/SET SCHEMA PUBLIC
CONNECT USER SA
DISCONNECT
/*C977*/SET SCHEMA PUBLIC
CONNECT USER SA
DISCONNECT
/*C978*/SET SCHEMA PUBLIC
CONNECT USER SA
DISCONNECT
/*C979*/SET SCHEMA PUBLIC
CONNECT USER SA
DISCONNECT
/*C980*/SET SCHEMA PUBLIC
CONNECT USER SA
DISCONNECT
/*C981*/SET SCHEMA PUBLIC
CONNECT USER SA
DISCONNECT
/*C982*/SET SCHEMA PUBLIC
CONNECT USER SA
DISCONNECT
/*C983*/SET SCHEMA PUBLIC
CONNECT USER SA
DISCONNECT
/*C984*/SET SCHEMA PUBLIC
CONNECT USER SA
DISCONNECT
/*C985*/SET SCHEMA PUBLIC
CONNECT USER SA
DISCONNECT
/*C986*/SET SCHEMA PUBLIC
CONNECT USER SA
DISCONNECT
/*C987*/SET SCHEMA PUBLIC
CONNECT USER SA
DISCONNECT
/*C988*/SET SCHEMA PUBLIC
CONNECT USER SA
DISCONNECT
/*C989*/SET SCHEMA PUBLIC
CONNECT USER SA
DISCONNECT
/*C990*/SET SCHEMA PUBLIC
CONNECT USER SA
DISCONNECT
/*C991*/SET SCHEMA PUBLIC
CONNECT USER SA
DISCONNECT
/*C992*/SET SCHEMA PUBLIC
CONNECT USER SA
DISCONNECT
/*C993*/SET SCHEMA PUBLIC
CONNECT USER SA
INSERT INTO ACCOUNT VALUES(1,'dawd',0.0E0,0.0E0,'',0,'',0)
DISCONNECT
/*C994*/SET SCHEMA PUBLIC
CONNECT USER SA
DISCONNECT
/*C995*/SET SCHEMA PUBLIC
CONNECT USER SA
DISCONNECT
/*C996*/SET SCHEMA PUBLIC
CONNECT USER SA
DISCONNECT
/*C997*/SET SCHEMA PUBLIC
CONNECT USER SA
DISCONNECT
/*C998*/SET SCHEMA PUBLIC
CONNECT USER SA
DISCONNECT
/*C999*/SET SCHEMA PUBLIC
CONNECT USER SA
DISCONNECT
/*C1000*/SET SCHEMA PUBLIC
CONNECT USER SA
DISCONNECT
/*C1001*/SET SCHEMA PUBLIC
CONNECT USER SA
DISCONNECT
/*C1002*/SET SCHEMA PUBLIC
CONNECT USER SA
DISCONNECT
/*C1003*/SET SCHEMA PUBLIC
CONNECT USER SA
DISCONNECT
/*C1004*/SET SCHEMA PUBLIC
CONNECT USER SA
DISCONNECT
/*C1005*/SET SCHEMA PUBLIC
CONNECT USER SA
DISCONNECT
/*C1006*/SET SCHEMA PUBLIC
CONNECT USER SA
DISCONNECT
/*C1007*/SET SCHEMA PUBLIC
CONNECT USER SA
DISCONNECT
/*C1008*/SET SCHEMA PUBLIC
CONNECT USER SA
DISCONNECT
/*C1009*/SET SCHEMA PUBLIC
CONNECT USER SA
DISCONNECT
/*C1010*/SET SCHEMA PUBLIC
CONNECT USER SA
DISCONNECT
/*C1011*/SET SCHEMA PUBLIC
CONNECT USER SA
DISCONNECT
/*C1012*/SET SCHEMA PUBLIC
CONNECT USER SA
DISCONNECT
/*C1013*/SET SCHEMA PUBLIC
CONNECT USER SA
DISCONNECT
/*C1014*/SET SCHEMA PUBLIC
CONNECT USER SA
DISCONNECT
/*C1015*/SET SCHEMA PUBLIC
CONNECT USER SA
DISCONNECT
/*C1016*/SET SCHEMA PUBLIC
CONNECT USER SA
DISCONNECT
/*C1017*/SET SCHEMA PUBLIC
CONNECT USER SA
DISCONNECT
/*C1018*/SET SCHEMA PUBLIC
CONNECT USER SA
DISCONNECT
/*C1019*/SET SCHEMA PUBLIC
CONNECT USER SA
DISCONNECT
/*C1020*/SET SCHEMA PUBLIC
CONNECT USER SA
DISCONNECT
/*C1021*/SET SCHEMA PUBLIC
CONNECT USER SA
DISCONNECT
/*C1022*/SET SCHEMA PUBLIC
CONNECT USER SA
DISCONNECT
/*C1023*/SET SCHEMA PUBLIC
CONNECT USER SA
DISCONNECT
/*C1024*/SET SCHEMA PUBLIC
CONNECT USER SA
DISCONNECT
/*C1025*/SET SCHEMA PUBLIC
CONNECT USER SA
DISCONNECT
/*C1026*/SET SCHEMA PUBLIC
CONNECT USER SA
DISCONNECT
/*C1027*/SET SCHEMA PUBLIC
CONNECT USER SA
DISCONNECT
/*C1028*/SET SCHEMA PUBLIC
CONNECT USER SA
DISCONNECT
/*C1029*/SET SCHEMA PUBLIC
CONNECT USER SA
DISCONNECT
/*C1030*/SET SCHEMA PUBLIC
CONNECT USER SA
DISCONNECT
/*C1031*/SET SCHEMA PUBLIC
CONNECT USER SA
DISCONNECT
/*C1032*/SET SCHEMA PUBLIC
CONNECT USER SA
DISCONNECT
/*C1033*/SET SCHEMA PUBLIC
CONNECT USER SA
DISCONNECT
/*C1034*/SET SCHEMA PUBLIC
CONNECT USER SA
DISCONNECT
/*C1035*/SET SCHEMA PUBLIC
CONNECT USER SA
DISCONNECT
/*C1036*/SET SCHEMA PUBLIC
CONNECT USER SA
DISCONNECT
/*C1037*/SET SCHEMA PUBLIC
CONNECT USER SA
DISCONNECT
/*C1038*/SET SCHEMA PUBLIC
CONNECT USER SA
DISCONNECT
/*C1039*/SET SCHEMA PUBLIC
CONNECT USER SA
DISCONNECT
/*C1040*/SET SCHEMA PUBLIC
CONNECT USER SA
DISCONNECT
/*C1041*/SET SCHEMA PUBLIC
CONNECT USER SA
DISCONNECT
/*C1042*/SET SCHEMA PUBLIC
CONNECT USER SA
DISCONNECT
/*C1043*/SET SCHEMA PUBLIC
CONNECT USER SA
DISCONNECT
/*C1044*/SET SCHEMA PUBLIC
CONNECT USER SA
DISCONNECT
/*C1045*/SET SCHEMA PUBLIC
CONNECT USER SA
DISCONNECT
/*C1046*/SET SCHEMA PUBLIC
CONNECT USER SA
DISCONNECT
/*C1047*/SET SCHEMA PUBLIC
CONNECT USER SA
DISCONNECT
/*C1048*/SET SCHEMA PUBLIC
CONNECT USER SA
DISCONNECT
/*C1049*/SET SCHEMA PUBLIC
CONNECT USER SA
DISCONNECT
/*C1050*/SET SCHEMA PUBLIC
CONNECT USER SA
DISCONNECT
/*C1051*/SET SCHEMA PUBLIC
CONNECT USER SA
DISCONNECT
/*C1052*/SET SCHEMA PUBLIC
CONNECT USER SA
DISCONNECT
/*C1053*/SET SCHEMA PUBLIC
CONNECT USER SA
DISCONNECT
/*C1054*/SET SCHEMA PUBLIC
CONNECT USER SA
DISCONNECT
/*C1055*/SET SCHEMA PUBLIC
CONNECT USER SA
DISCONNECT
/*C1056*/SET SCHEMA PUBLIC
CONNECT USER SA
DISCONNECT
/*C1057*/SET SCHEMA PUBLIC
CONNECT USER SA
SET AUTOCOMMIT FALSE
DELETE FROM PROVIDER WHERE ID=1
INSERT INTO PROVIDER VALUES(1,'dawda',0,'3213123','','','','',22,4,FALSE,NULL)
SET AUTOCOMMIT TRUE
DISCONNECT
/*C1058*/SET SCHEMA PUBLIC
CONNECT USER SA
DISCONNECT
/*C1059*/SET SCHEMA PUBLIC
CONNECT USER SA
DISCONNECT
/*C1060*/SET SCHEMA PUBLIC
CONNECT USER SA
DISCONNECT
/*C1061*/SET SCHEMA PUBLIC
CONNECT USER SA
DISCONNECT
/*C1062*/SET SCHEMA PUBLIC
CONNECT USER SA
DISCONNECT
/*C1063*/SET SCHEMA PUBLIC
CONNECT USER SA
DISCONNECT
/*C1064*/SET SCHEMA PUBLIC
CONNECT USER SA
DISCONNECT
/*C1065*/SET SCHEMA PUBLIC
CONNECT USER SA
DISCONNECT
/*C1066*/SET SCHEMA PUBLIC
CONNECT USER SA
DISCONNECT
/*C1067*/SET SCHEMA PUBLIC
CONNECT USER SA
DISCONNECT
/*C1068*/SET SCHEMA PUBLIC
CONNECT USER SA
DISCONNECT
/*C1069*/SET SCHEMA PUBLIC
CONNECT USER SA
DISCONNECT
/*C1070*/SET SCHEMA PUBLIC
CONNECT USER SA
DISCONNECT
/*C1071*/SET SCHEMA PUBLIC
CONNECT USER SA
INSERT INTO ACCOUNT VALUES(2,'dawdad',0.0E0,0.0E0,'',0,'',0)
DISCONNECT
/*C1072*/SET SCHEMA PUBLIC
CONNECT USER SA
DISCONNECT
/*C1073*/SET SCHEMA PUBLIC
CONNECT USER SA
DISCONNECT
/*C1074*/SET SCHEMA PUBLIC
CONNECT USER SA
DISCONNECT
/*C1075*/SET SCHEMA PUBLIC
CONNECT USER SA
DISCONNECT
/*C1076*/SET SCHEMA PUBLIC
CONNECT USER SA
SET AUTOCOMMIT FALSE
DELETE FROM PROVIDER WHERE ID=1
INSERT INTO PROVIDER VALUES(1,'dawda',0,'3213123','','','','',22,4,FALSE,NULL)
SET AUTOCOMMIT TRUE
DISCONNECT
/*C1077*/SET SCHEMA PUBLIC
CONNECT USER SA
DISCONNECT
/*C1078*/SET SCHEMA PUBLIC
CONNECT USER SA
DISCONNECT
/*C1079*/SET SCHEMA PUBLIC
CONNECT USER SA
DISCONNECT
/*C1080*/SET SCHEMA PUBLIC
CONNECT USER SA
DISCONNECT
/*C1081*/SET SCHEMA PUBLIC
CONNECT USER SA
DISCONNECT
/*C1082*/SET SCHEMA PUBLIC
CONNECT USER SA
DISCONNECT
/*C1083*/SET SCHEMA PUBLIC
CONNECT USER SA
DISCONNECT
/*C1084*/SET SCHEMA PUBLIC
CONNECT USER SA
DISCONNECT
/*C1085*/SET SCHEMA PUBLIC
CONNECT USER SA
DISCONNECT
/*C1086*/SET SCHEMA PUBLIC
CONNECT USER SA
DISCONNECT
/*C1087*/SET SCHEMA PUBLIC
CONNECT USER SA
DISCONNECT
/*C1088*/SET SCHEMA PUBLIC
CONNECT USER SA
SET AUTOCOMMIT FALSE
DELETE FROM ACCOUNT WHERE ID=0
INSERT INTO ACCOUNT VALUES(0,'dwdawd',0.0E0,0.0E0,'',0,'',0)
SET AUTOCOMMIT TRUE
DISCONNECT
/*C1089*/SET SCHEMA PUBLIC
CONNECT USER SA
DISCONNECT
/*C1090*/SET SCHEMA PUBLIC
CONNECT USER SA
SET AUTOCOMMIT FALSE
DELETE FROM ACCOUNT WHERE ID=0
INSERT INTO ACCOUNT VALUES(0,'dwdawd',0.0E0,0.0E0,'',1,'22222222222222',0)
SET AUTOCOMMIT TRUE
DISCONNECT
/*C1091*/SET SCHEMA PUBLIC
CONNECT USER SA
DISCONNECT
/*C1092*/SET SCHEMA PUBLIC
CONNECT USER SA
SET AUTOCOMMIT FALSE
DELETE FROM ACCOUNT WHERE ID=0
INSERT INTO ACCOUNT VALUES(0,'dwdawd',0.0E0,0.0E0,'',0,'22222222222',0)
SET AUTOCOMMIT TRUE
DISCONNECT
/*C1093*/SET SCHEMA PUBLIC
CONNECT USER SA
DISCONNECT
/*C1094*/SET SCHEMA PUBLIC
CONNECT USER SA
INSERT INTO ACCOUNT VALUES(3,'dawdad',0.0E0,0.0E0,'',0,'',0)
DISCONNECT
/*C1095*/SET SCHEMA PUBLIC
CONNECT USER SA
DISCONNECT
/*C1096*/SET SCHEMA PUBLIC
CONNECT USER SA
DISCONNECT
/*C1097*/SET SCHEMA PUBLIC
CONNECT USER SA
DISCONNECT
/*C1098*/SET SCHEMA PUBLIC
CONNECT USER SA
DISCONNECT
/*C1099*/SET SCHEMA PUBLIC
CONNECT USER SA
SET AUTOCOMMIT FALSE
DELETE FROM PROVIDER WHERE ID=1
INSERT INTO PROVIDER VALUES(1,'dawda',0,'33333333333','','','','',22,4,FALSE,NULL)
SET AUTOCOMMIT TRUE
DISCONNECT
/*C1100*/SET SCHEMA PUBLIC
CONNECT USER SA
DISCONNECT
/*C1101*/SET SCHEMA PUBLIC
CONNECT USER SA
SET AUTOCOMMIT FALSE
DELETE FROM PROVIDER WHERE ID=1
INSERT INTO PROVIDER VALUES(1,'dawda',0,'','','','','',22,4,FALSE,NULL)
SET AUTOCOMMIT TRUE
DISCONNECT
/*C1102*/SET SCHEMA PUBLIC
CONNECT USER SA
DISCONNECT
/*C1103*/SET SCHEMA PUBLIC
CONNECT USER SA
SET AUTOCOMMIT FALSE
DELETE FROM PROVIDER WHERE ID=1
INSERT INTO PROVIDER VALUES(1,'dawda',1,'','','','','',22,4,FALSE,NULL)
SET AUTOCOMMIT TRUE
DISCONNECT
/*C1104*/SET SCHEMA PUBLIC
CONNECT USER SA
DISCONNECT
/*C1105*/SET SCHEMA PUBLIC
CONNECT USER SA
SET AUTOCOMMIT FALSE
DELETE FROM PROVIDER WHERE ID=1
INSERT INTO PROVIDER VALUES(1,'dawda',1,'22222222222222','','','','',22,4,FALSE,NULL)
SET AUTOCOMMIT TRUE
DISCONNECT
/*C1106*/SET SCHEMA PUBLIC
CONNECT USER SA
DISCONNECT
/*C1107*/SET SCHEMA PUBLIC
CONNECT USER SA
SET AUTOCOMMIT FALSE
DELETE FROM PROVIDER WHERE ID=1
INSERT INTO PROVIDER VALUES(1,'dawda',1,'','','','','',22,4,FALSE,NULL)
SET AUTOCOMMIT TRUE
DISCONNECT
/*C1108*/SET SCHEMA PUBLIC
CONNECT USER SA
DISCONNECT
/*C1109*/SET SCHEMA PUBLIC
CONNECT USER SA
DISCONNECT
/*C1110*/SET SCHEMA PUBLIC
CONNECT USER SA
DISCONNECT
/*C1111*/SET SCHEMA PUBLIC
CONNECT USER SA
DISCONNECT
/*C1112*/SET SCHEMA PUBLIC
CONNECT USER SA
DISCONNECT
/*C1113*/SET SCHEMA PUBLIC
CONNECT USER SA
DISCONNECT
/*C1114*/SET SCHEMA PUBLIC
CONNECT USER SA
DISCONNECT
/*C1115*/SET SCHEMA PUBLIC
CONNECT USER SA
DISCONNECT
/*C1116*/SET SCHEMA PUBLIC
CONNECT USER SA
DISCONNECT
/*C1117*/SET SCHEMA PUBLIC
CONNECT USER SA
DISCONNECT
/*C1118*/SET SCHEMA PUBLIC
CONNECT USER SA
DISCONNECT
/*C1119*/SET SCHEMA PUBLIC
CONNECT USER SA
DISCONNECT
/*C1120*/SET SCHEMA PUBLIC
CONNECT USER SA
DISCONNECT
/*C1121*/SET SCHEMA PUBLIC
CONNECT USER SA
DISCONNECT
/*C1122*/SET SCHEMA PUBLIC
CONNECT USER SA
DISCONNECT
/*C1123*/SET SCHEMA PUBLIC
CONNECT USER SA
DISCONNECT
/*C1124*/SET SCHEMA PUBLIC
CONNECT USER SA
DISCONNECT
/*C1125*/SET SCHEMA PUBLIC
CONNECT USER SA
DISCONNECT
/*C1126*/SET SCHEMA PUBLIC
CONNECT USER SA
DISCONNECT
/*C1127*/SET SCHEMA PUBLIC
CONNECT USER SA
DISCONNECT
